nohup: ignoring input
[I 07:42:55.131 NotebookApp] Writing notebook server cookie secret to /home/yh/.local/share/jupyter/runtime/notebook_cookie_secret
/usr/local/lib/python3.5/dist-packages/tensorboard/compat/tensorflow_stub/dtypes.py:541: FutureWarning: Passing (type, 1) or '1type' as a synonym of type is deprecated; in a future version of numpy, it will be understood as (type, (1,)) / '(1,)type'.
  _np_qint8 = np.dtype([("qint8", np.int8, 1)])
/usr/local/lib/python3.5/dist-packages/tensorboard/compat/tensorflow_stub/dtypes.py:542: FutureWarning: Passing (type, 1) or '1type' as a synonym of type is deprecated; in a future version of numpy, it will be understood as (type, (1,)) / '(1,)type'.
  _np_quint8 = np.dtype([("quint8", np.uint8, 1)])
/usr/local/lib/python3.5/dist-packages/tensorboard/compat/tensorflow_stub/dtypes.py:543: FutureWarning: Passing (type, 1) or '1type' as a synonym of type is deprecated; in a future version of numpy, it will be understood as (type, (1,)) / '(1,)type'.
  _np_qint16 = np.dtype([("qint16", np.int16, 1)])
/usr/local/lib/python3.5/dist-packages/tensorboard/compat/tensorflow_stub/dtypes.py:544: FutureWarning: Passing (type, 1) or '1type' as a synonym of type is deprecated; in a future version of numpy, it will be understood as (type, (1,)) / '(1,)type'.
  _np_quint16 = np.dtype([("quint16", np.uint16, 1)])
/usr/local/lib/python3.5/dist-packages/tensorboard/compat/tensorflow_stub/dtypes.py:545: FutureWarning: Passing (type, 1) or '1type' as a synonym of type is deprecated; in a future version of numpy, it will be understood as (type, (1,)) / '(1,)type'.
  _np_qint32 = np.dtype([("qint32", np.int32, 1)])
/usr/local/lib/python3.5/dist-packages/tensorboard/compat/tensorflow_stub/dtypes.py:550: FutureWarning: Passing (type, 1) or '1type' as a synonym of type is deprecated; in a future version of numpy, it will be understood as (type, (1,)) / '(1,)type'.
  np_resource = np.dtype([("resource", np.ubyte, 1)])
/usr/local/lib/python3.5/dist-packages/tensorflow/python/framework/dtypes.py:516: FutureWarning: Passing (type, 1) or '1type' as a synonym of type is deprecated; in a future version of numpy, it will be understood as (type, (1,)) / '(1,)type'.
  _np_qint8 = np.dtype([("qint8", np.int8, 1)])
/usr/local/lib/python3.5/dist-packages/tensorflow/python/framework/dtypes.py:517: FutureWarning: Passing (type, 1) or '1type' as a synonym of type is deprecated; in a future version of numpy, it will be understood as (type, (1,)) / '(1,)type'.
  _np_quint8 = np.dtype([("quint8", np.uint8, 1)])
/usr/local/lib/python3.5/dist-packages/tensorflow/python/framework/dtypes.py:518: FutureWarning: Passing (type, 1) or '1type' as a synonym of type is deprecated; in a future version of numpy, it will be understood as (type, (1,)) / '(1,)type'.
  _np_qint16 = np.dtype([("qint16", np.int16, 1)])
/usr/local/lib/python3.5/dist-packages/tensorflow/python/framework/dtypes.py:519: FutureWarning: Passing (type, 1) or '1type' as a synonym of type is deprecated; in a future version of numpy, it will be understood as (type, (1,)) / '(1,)type'.
  _np_quint16 = np.dtype([("quint16", np.uint16, 1)])
/usr/local/lib/python3.5/dist-packages/tensorflow/python/framework/dtypes.py:520: FutureWarning: Passing (type, 1) or '1type' as a synonym of type is deprecated; in a future version of numpy, it will be understood as (type, (1,)) / '(1,)type'.
  _np_qint32 = np.dtype([("qint32", np.int32, 1)])
/usr/local/lib/python3.5/dist-packages/tensorflow/python/framework/dtypes.py:525: FutureWarning: Passing (type, 1) or '1type' as a synonym of type is deprecated; in a future version of numpy, it will be understood as (type, (1,)) / '(1,)type'.
  np_resource = np.dtype([("resource", np.ubyte, 1)])
[I 07:42:59.349 NotebookApp] jupyter_tensorboard extension loaded.
[I 07:42:59.613 NotebookApp] JupyterLab extension loaded from /usr/local/lib/python3.5/dist-packages/jupyterlab
[I 07:42:59.613 NotebookApp] JupyterLab application directory is /usr/local/share/jupyter/lab
[I 07:42:59.727 NotebookApp] Serving notebooks from local directory: /home/yh/git/kaggle/01-towards-data-science
[I 07:42:59.727 NotebookApp] The Jupyter Notebook is running at:
[I 07:42:59.727 NotebookApp] http://dlvm-1:8888/?token=af75e6060cb4db92f3d0156164ffddeb9102758f8e2b9945
[I 07:42:59.728 NotebookApp]  or http://127.0.0.1:8888/?token=af75e6060cb4db92f3d0156164ffddeb9102758f8e2b9945
[I 07:42:59.728 NotebookApp] Use Control-C to stop this server and shut down all kernels (twice to skip confirmation).
[W 07:42:59.731 NotebookApp] No web browser found: could not locate runnable browser.
[C 07:42:59.732 NotebookApp] 
    
    To access the notebook, open this file in a browser:
        file:///home/yh/.local/share/jupyter/runtime/nbserver-20280-open.html
    Or copy and paste one of these URLs:
        http://dlvm-1:8888/?token=af75e6060cb4db92f3d0156164ffddeb9102758f8e2b9945
     or http://127.0.0.1:8888/?token=af75e6060cb4db92f3d0156164ffddeb9102758f8e2b9945
nohup: ignoring input
[I 07:45:08.108 NotebookApp] The port 8888 is already in use, trying another port.
/usr/local/lib/python3.5/dist-packages/tensorboard/compat/tensorflow_stub/dtypes.py:541: FutureWarning: Passing (type, 1) or '1type' as a synonym of type is deprecated; in a future version of numpy, it will be understood as (type, (1,)) / '(1,)type'.
  _np_qint8 = np.dtype([("qint8", np.int8, 1)])
/usr/local/lib/python3.5/dist-packages/tensorboard/compat/tensorflow_stub/dtypes.py:542: FutureWarning: Passing (type, 1) or '1type' as a synonym of type is deprecated; in a future version of numpy, it will be understood as (type, (1,)) / '(1,)type'.
  _np_quint8 = np.dtype([("quint8", np.uint8, 1)])
/usr/local/lib/python3.5/dist-packages/tensorboard/compat/tensorflow_stub/dtypes.py:543: FutureWarning: Passing (type, 1) or '1type' as a synonym of type is deprecated; in a future version of numpy, it will be understood as (type, (1,)) / '(1,)type'.
  _np_qint16 = np.dtype([("qint16", np.int16, 1)])
/usr/local/lib/python3.5/dist-packages/tensorboard/compat/tensorflow_stub/dtypes.py:544: FutureWarning: Passing (type, 1) or '1type' as a synonym of type is deprecated; in a future version of numpy, it will be understood as (type, (1,)) / '(1,)type'.
  _np_quint16 = np.dtype([("quint16", np.uint16, 1)])
/usr/local/lib/python3.5/dist-packages/tensorboard/compat/tensorflow_stub/dtypes.py:545: FutureWarning: Passing (type, 1) or '1type' as a synonym of type is deprecated; in a future version of numpy, it will be understood as (type, (1,)) / '(1,)type'.
  _np_qint32 = np.dtype([("qint32", np.int32, 1)])
/usr/local/lib/python3.5/dist-packages/tensorboard/compat/tensorflow_stub/dtypes.py:550: FutureWarning: Passing (type, 1) or '1type' as a synonym of type is deprecated; in a future version of numpy, it will be understood as (type, (1,)) / '(1,)type'.
  np_resource = np.dtype([("resource", np.ubyte, 1)])
/usr/local/lib/python3.5/dist-packages/tensorflow/python/framework/dtypes.py:516: FutureWarning: Passing (type, 1) or '1type' as a synonym of type is deprecated; in a future version of numpy, it will be understood as (type, (1,)) / '(1,)type'.
  _np_qint8 = np.dtype([("qint8", np.int8, 1)])
/usr/local/lib/python3.5/dist-packages/tensorflow/python/framework/dtypes.py:517: FutureWarning: Passing (type, 1) or '1type' as a synonym of type is deprecated; in a future version of numpy, it will be understood as (type, (1,)) / '(1,)type'.
  _np_quint8 = np.dtype([("quint8", np.uint8, 1)])
/usr/local/lib/python3.5/dist-packages/tensorflow/python/framework/dtypes.py:518: FutureWarning: Passing (type, 1) or '1type' as a synonym of type is deprecated; in a future version of numpy, it will be understood as (type, (1,)) / '(1,)type'.
  _np_qint16 = np.dtype([("qint16", np.int16, 1)])
/usr/local/lib/python3.5/dist-packages/tensorflow/python/framework/dtypes.py:519: FutureWarning: Passing (type, 1) or '1type' as a synonym of type is deprecated; in a future version of numpy, it will be understood as (type, (1,)) / '(1,)type'.
  _np_quint16 = np.dtype([("quint16", np.uint16, 1)])
/usr/local/lib/python3.5/dist-packages/tensorflow/python/framework/dtypes.py:520: FutureWarning: Passing (type, 1) or '1type' as a synonym of type is deprecated; in a future version of numpy, it will be understood as (type, (1,)) / '(1,)type'.
  _np_qint32 = np.dtype([("qint32", np.int32, 1)])
/usr/local/lib/python3.5/dist-packages/tensorflow/python/framework/dtypes.py:525: FutureWarning: Passing (type, 1) or '1type' as a synonym of type is deprecated; in a future version of numpy, it will be understood as (type, (1,)) / '(1,)type'.
  np_resource = np.dtype([("resource", np.ubyte, 1)])
[I 07:45:10.850 NotebookApp] jupyter_tensorboard extension loaded.
[I 07:45:10.932 NotebookApp] JupyterLab extension loaded from /usr/local/lib/python3.5/dist-packages/jupyterlab
[I 07:45:10.933 NotebookApp] JupyterLab application directory is /usr/local/share/jupyter/lab
[I 07:45:10.994 NotebookApp] Serving notebooks from local directory: /home/yh/git/kaggle/01-towards-data-science
[I 07:45:10.994 NotebookApp] The Jupyter Notebook is running at:
[I 07:45:10.994 NotebookApp] http://dlvm-1:8889/?token=fc8fcf263cc630c91c1088f9082b4c2a43d7c7d3dc5c4b7e
[I 07:45:10.994 NotebookApp]  or http://127.0.0.1:8889/?token=fc8fcf263cc630c91c1088f9082b4c2a43d7c7d3dc5c4b7e
[I 07:45:10.994 NotebookApp] Use Control-C to stop this server and shut down all kernels (twice to skip confirmation).
[W 07:45:10.998 NotebookApp] No web browser found: could not locate runnable browser.
[C 07:45:10.998 NotebookApp] 
    
    To access the notebook, open this file in a browser:
        file:///home/yh/.local/share/jupyter/runtime/nbserver-20330-open.html
    Or copy and paste one of these URLs:
        http://dlvm-1:8889/?token=fc8fcf263cc630c91c1088f9082b4c2a43d7c7d3dc5c4b7e
     or http://127.0.0.1:8889/?token=fc8fcf263cc630c91c1088f9082b4c2a43d7c7d3dc5c4b7e
[I 07:49:05.284 NotebookApp] The port 8888 is already in use, trying another port.
[I 07:49:05.284 NotebookApp] The port 8889 is already in use, trying another port.
/usr/local/lib/python3.5/dist-packages/tensorboard/compat/tensorflow_stub/dtypes.py:541: FutureWarning: Passing (type, 1) or '1type' as a synonym of type is deprecated; in a future version of numpy, it will be understood as (type, (1,)) / '(1,)type'.
  _np_qint8 = np.dtype([("qint8", np.int8, 1)])
/usr/local/lib/python3.5/dist-packages/tensorboard/compat/tensorflow_stub/dtypes.py:542: FutureWarning: Passing (type, 1) or '1type' as a synonym of type is deprecated; in a future version of numpy, it will be understood as (type, (1,)) / '(1,)type'.
  _np_quint8 = np.dtype([("quint8", np.uint8, 1)])
/usr/local/lib/python3.5/dist-packages/tensorboard/compat/tensorflow_stub/dtypes.py:543: FutureWarning: Passing (type, 1) or '1type' as a synonym of type is deprecated; in a future version of numpy, it will be understood as (type, (1,)) / '(1,)type'.
  _np_qint16 = np.dtype([("qint16", np.int16, 1)])
/usr/local/lib/python3.5/dist-packages/tensorboard/compat/tensorflow_stub/dtypes.py:544: FutureWarning: Passing (type, 1) or '1type' as a synonym of type is deprecated; in a future version of numpy, it will be understood as (type, (1,)) / '(1,)type'.
  _np_quint16 = np.dtype([("quint16", np.uint16, 1)])
/usr/local/lib/python3.5/dist-packages/tensorboard/compat/tensorflow_stub/dtypes.py:545: FutureWarning: Passing (type, 1) or '1type' as a synonym of type is deprecated; in a future version of numpy, it will be understood as (type, (1,)) / '(1,)type'.
  _np_qint32 = np.dtype([("qint32", np.int32, 1)])
/usr/local/lib/python3.5/dist-packages/tensorboard/compat/tensorflow_stub/dtypes.py:550: FutureWarning: Passing (type, 1) or '1type' as a synonym of type is deprecated; in a future version of numpy, it will be understood as (type, (1,)) / '(1,)type'.
  np_resource = np.dtype([("resource", np.ubyte, 1)])
/usr/local/lib/python3.5/dist-packages/tensorflow/python/framework/dtypes.py:516: FutureWarning: Passing (type, 1) or '1type' as a synonym of type is deprecated; in a future version of numpy, it will be understood as (type, (1,)) / '(1,)type'.
  _np_qint8 = np.dtype([("qint8", np.int8, 1)])
/usr/local/lib/python3.5/dist-packages/tensorflow/python/framework/dtypes.py:517: FutureWarning: Passing (type, 1) or '1type' as a synonym of type is deprecated; in a future version of numpy, it will be understood as (type, (1,)) / '(1,)type'.
  _np_quint8 = np.dtype([("quint8", np.uint8, 1)])
/usr/local/lib/python3.5/dist-packages/tensorflow/python/framework/dtypes.py:518: FutureWarning: Passing (type, 1) or '1type' as a synonym of type is deprecated; in a future version of numpy, it will be understood as (type, (1,)) / '(1,)type'.
  _np_qint16 = np.dtype([("qint16", np.int16, 1)])
/usr/local/lib/python3.5/dist-packages/tensorflow/python/framework/dtypes.py:519: FutureWarning: Passing (type, 1) or '1type' as a synonym of type is deprecated; in a future version of numpy, it will be understood as (type, (1,)) / '(1,)type'.
  _np_quint16 = np.dtype([("quint16", np.uint16, 1)])
/usr/local/lib/python3.5/dist-packages/tensorflow/python/framework/dtypes.py:520: FutureWarning: Passing (type, 1) or '1type' as a synonym of type is deprecated; in a future version of numpy, it will be understood as (type, (1,)) / '(1,)type'.
  _np_qint32 = np.dtype([("qint32", np.int32, 1)])
/usr/local/lib/python3.5/dist-packages/tensorflow/python/framework/dtypes.py:525: FutureWarning: Passing (type, 1) or '1type' as a synonym of type is deprecated; in a future version of numpy, it will be understood as (type, (1,)) / '(1,)type'.
  np_resource = np.dtype([("resource", np.ubyte, 1)])
[I 07:49:07.567 NotebookApp] jupyter_tensorboard extension loaded.
[I 07:49:07.649 NotebookApp] JupyterLab extension loaded from /usr/local/lib/python3.5/dist-packages/jupyterlab
[I 07:49:07.649 NotebookApp] JupyterLab application directory is /usr/local/share/jupyter/lab
[I 07:49:07.712 NotebookApp] Serving notebooks from local directory: /home/yh/git/kaggle/01-towards-data-science
[I 07:49:07.712 NotebookApp] The Jupyter Notebook is running at:
[I 07:49:07.712 NotebookApp] http://dlvm-1:8890/?token=d361767254988a53272e01a5e582d6f99ce37b41a1e704e9
[I 07:49:07.712 NotebookApp]  or http://127.0.0.1:8890/?token=d361767254988a53272e01a5e582d6f99ce37b41a1e704e9
[I 07:49:07.712 NotebookApp] Use Control-C to stop this server and shut down all kernels (twice to skip confirmation).
[W 07:49:07.716 NotebookApp] No web browser found: could not locate runnable browser.
[C 07:49:07.716 NotebookApp] 
    
    To access the notebook, open this file in a browser:
        file:///home/yh/.local/share/jupyter/runtime/nbserver-20402-open.html
    Or copy and paste one of these URLs:
        http://dlvm-1:8890/?token=d361767254988a53272e01a5e582d6f99ce37b41a1e704e9
     or http://127.0.0.1:8890/?token=d361767254988a53272e01a5e582d6f99ce37b41a1e704e9
[I 07:49:58.584 NotebookApp] The port 8888 is already in use, trying another port.
[I 07:49:58.584 NotebookApp] The port 8889 is already in use, trying another port.
[I 07:49:58.585 NotebookApp] The port 8890 is already in use, trying another port.
/usr/local/lib/python3.5/dist-packages/tensorboard/compat/tensorflow_stub/dtypes.py:541: FutureWarning: Passing (type, 1) or '1type' as a synonym of type is deprecated; in a future version of numpy, it will be understood as (type, (1,)) / '(1,)type'.
  _np_qint8 = np.dtype([("qint8", np.int8, 1)])
/usr/local/lib/python3.5/dist-packages/tensorboard/compat/tensorflow_stub/dtypes.py:542: FutureWarning: Passing (type, 1) or '1type' as a synonym of type is deprecated; in a future version of numpy, it will be understood as (type, (1,)) / '(1,)type'.
  _np_quint8 = np.dtype([("quint8", np.uint8, 1)])
/usr/local/lib/python3.5/dist-packages/tensorboard/compat/tensorflow_stub/dtypes.py:543: FutureWarning: Passing (type, 1) or '1type' as a synonym of type is deprecated; in a future version of numpy, it will be understood as (type, (1,)) / '(1,)type'.
  _np_qint16 = np.dtype([("qint16", np.int16, 1)])
/usr/local/lib/python3.5/dist-packages/tensorboard/compat/tensorflow_stub/dtypes.py:544: FutureWarning: Passing (type, 1) or '1type' as a synonym of type is deprecated; in a future version of numpy, it will be understood as (type, (1,)) / '(1,)type'.
  _np_quint16 = np.dtype([("quint16", np.uint16, 1)])
/usr/local/lib/python3.5/dist-packages/tensorboard/compat/tensorflow_stub/dtypes.py:545: FutureWarning: Passing (type, 1) or '1type' as a synonym of type is deprecated; in a future version of numpy, it will be understood as (type, (1,)) / '(1,)type'.
  _np_qint32 = np.dtype([("qint32", np.int32, 1)])
/usr/local/lib/python3.5/dist-packages/tensorboard/compat/tensorflow_stub/dtypes.py:550: FutureWarning: Passing (type, 1) or '1type' as a synonym of type is deprecated; in a future version of numpy, it will be understood as (type, (1,)) / '(1,)type'.
  np_resource = np.dtype([("resource", np.ubyte, 1)])
/usr/local/lib/python3.5/dist-packages/tensorflow/python/framework/dtypes.py:516: FutureWarning: Passing (type, 1) or '1type' as a synonym of type is deprecated; in a future version of numpy, it will be understood as (type, (1,)) / '(1,)type'.
  _np_qint8 = np.dtype([("qint8", np.int8, 1)])
/usr/local/lib/python3.5/dist-packages/tensorflow/python/framework/dtypes.py:517: FutureWarning: Passing (type, 1) or '1type' as a synonym of type is deprecated; in a future version of numpy, it will be understood as (type, (1,)) / '(1,)type'.
  _np_quint8 = np.dtype([("quint8", np.uint8, 1)])
/usr/local/lib/python3.5/dist-packages/tensorflow/python/framework/dtypes.py:518: FutureWarning: Passing (type, 1) or '1type' as a synonym of type is deprecated; in a future version of numpy, it will be understood as (type, (1,)) / '(1,)type'.
  _np_qint16 = np.dtype([("qint16", np.int16, 1)])
/usr/local/lib/python3.5/dist-packages/tensorflow/python/framework/dtypes.py:519: FutureWarning: Passing (type, 1) or '1type' as a synonym of type is deprecated; in a future version of numpy, it will be understood as (type, (1,)) / '(1,)type'.
  _np_quint16 = np.dtype([("quint16", np.uint16, 1)])
/usr/local/lib/python3.5/dist-packages/tensorflow/python/framework/dtypes.py:520: FutureWarning: Passing (type, 1) or '1type' as a synonym of type is deprecated; in a future version of numpy, it will be understood as (type, (1,)) / '(1,)type'.
  _np_qint32 = np.dtype([("qint32", np.int32, 1)])
/usr/local/lib/python3.5/dist-packages/tensorflow/python/framework/dtypes.py:525: FutureWarning: Passing (type, 1) or '1type' as a synonym of type is deprecated; in a future version of numpy, it will be understood as (type, (1,)) / '(1,)type'.
  np_resource = np.dtype([("resource", np.ubyte, 1)])
[I 07:50:01.000 NotebookApp] jupyter_tensorboard extension loaded.
[I 07:50:01.182 NotebookApp] JupyterLab extension loaded from /usr/local/lib/python3.5/dist-packages/jupyterlab
[I 07:50:01.182 NotebookApp] JupyterLab application directory is /usr/local/share/jupyter/lab
[I 07:50:01.319 NotebookApp] Serving notebooks from local directory: /home/yh/git/kaggle/01-towards-data-science
[I 07:50:01.319 NotebookApp] The Jupyter Notebook is running at:
[I 07:50:01.319 NotebookApp] http://dlvm-1:8891/?token=2166004e69b251de72ae46b714edfdb03c09b108aaea8a54
[I 07:50:01.319 NotebookApp]  or http://127.0.0.1:8891/?token=2166004e69b251de72ae46b714edfdb03c09b108aaea8a54
[I 07:50:01.319 NotebookApp] Use Control-C to stop this server and shut down all kernels (twice to skip confirmation).
[W 07:50:01.327 NotebookApp] No web browser found: could not locate runnable browser.
[C 07:50:01.327 NotebookApp] 
    
    To access the notebook, open this file in a browser:
        file:///home/yh/.local/share/jupyter/runtime/nbserver-20417-open.html
    Or copy and paste one of these URLs:
        http://dlvm-1:8891/?token=2166004e69b251de72ae46b714edfdb03c09b108aaea8a54
     or http://127.0.0.1:8891/?token=2166004e69b251de72ae46b714edfdb03c09b108aaea8a54
[I 07:50:01.798 NotebookApp] The port 8888 is already in use, trying another port.
[I 07:50:01.798 NotebookApp] The port 8889 is already in use, trying another port.
[I 07:50:01.798 NotebookApp] The port 8890 is already in use, trying another port.
[I 07:50:01.798 NotebookApp] The port 8891 is already in use, trying another port.
/usr/local/lib/python3.5/dist-packages/tensorboard/compat/tensorflow_stub/dtypes.py:541: FutureWarning: Passing (type, 1) or '1type' as a synonym of type is deprecated; in a future version of numpy, it will be understood as (type, (1,)) / '(1,)type'.
  _np_qint8 = np.dtype([("qint8", np.int8, 1)])
/usr/local/lib/python3.5/dist-packages/tensorboard/compat/tensorflow_stub/dtypes.py:542: FutureWarning: Passing (type, 1) or '1type' as a synonym of type is deprecated; in a future version of numpy, it will be understood as (type, (1,)) / '(1,)type'.
  _np_quint8 = np.dtype([("quint8", np.uint8, 1)])
/usr/local/lib/python3.5/dist-packages/tensorboard/compat/tensorflow_stub/dtypes.py:543: FutureWarning: Passing (type, 1) or '1type' as a synonym of type is deprecated; in a future version of numpy, it will be understood as (type, (1,)) / '(1,)type'.
  _np_qint16 = np.dtype([("qint16", np.int16, 1)])
/usr/local/lib/python3.5/dist-packages/tensorboard/compat/tensorflow_stub/dtypes.py:544: FutureWarning: Passing (type, 1) or '1type' as a synonym of type is deprecated; in a future version of numpy, it will be understood as (type, (1,)) / '(1,)type'.
  _np_quint16 = np.dtype([("quint16", np.uint16, 1)])
/usr/local/lib/python3.5/dist-packages/tensorboard/compat/tensorflow_stub/dtypes.py:545: FutureWarning: Passing (type, 1) or '1type' as a synonym of type is deprecated; in a future version of numpy, it will be understood as (type, (1,)) / '(1,)type'.
  _np_qint32 = np.dtype([("qint32", np.int32, 1)])
/usr/local/lib/python3.5/dist-packages/tensorboard/compat/tensorflow_stub/dtypes.py:550: FutureWarning: Passing (type, 1) or '1type' as a synonym of type is deprecated; in a future version of numpy, it will be understood as (type, (1,)) / '(1,)type'.
  np_resource = np.dtype([("resource", np.ubyte, 1)])
/usr/local/lib/python3.5/dist-packages/tensorflow/python/framework/dtypes.py:516: FutureWarning: Passing (type, 1) or '1type' as a synonym of type is deprecated; in a future version of numpy, it will be understood as (type, (1,)) / '(1,)type'.
  _np_qint8 = np.dtype([("qint8", np.int8, 1)])
/usr/local/lib/python3.5/dist-packages/tensorflow/python/framework/dtypes.py:517: FutureWarning: Passing (type, 1) or '1type' as a synonym of type is deprecated; in a future version of numpy, it will be understood as (type, (1,)) / '(1,)type'.
  _np_quint8 = np.dtype([("quint8", np.uint8, 1)])
/usr/local/lib/python3.5/dist-packages/tensorflow/python/framework/dtypes.py:518: FutureWarning: Passing (type, 1) or '1type' as a synonym of type is deprecated; in a future version of numpy, it will be understood as (type, (1,)) / '(1,)type'.
  _np_qint16 = np.dtype([("qint16", np.int16, 1)])
/usr/local/lib/python3.5/dist-packages/tensorflow/python/framework/dtypes.py:519: FutureWarning: Passing (type, 1) or '1type' as a synonym of type is deprecated; in a future version of numpy, it will be understood as (type, (1,)) / '(1,)type'.
  _np_quint16 = np.dtype([("quint16", np.uint16, 1)])
/usr/local/lib/python3.5/dist-packages/tensorflow/python/framework/dtypes.py:520: FutureWarning: Passing (type, 1) or '1type' as a synonym of type is deprecated; in a future version of numpy, it will be understood as (type, (1,)) / '(1,)type'.
  _np_qint32 = np.dtype([("qint32", np.int32, 1)])
/usr/local/lib/python3.5/dist-packages/tensorflow/python/framework/dtypes.py:525: FutureWarning: Passing (type, 1) or '1type' as a synonym of type is deprecated; in a future version of numpy, it will be understood as (type, (1,)) / '(1,)type'.
  np_resource = np.dtype([("resource", np.ubyte, 1)])
[I 07:50:04.009 NotebookApp] jupyter_tensorboard extension loaded.
[I 07:50:04.091 NotebookApp] JupyterLab extension loaded from /usr/local/lib/python3.5/dist-packages/jupyterlab
[I 07:50:04.091 NotebookApp] JupyterLab application directory is /usr/local/share/jupyter/lab
[I 07:50:04.154 NotebookApp] Serving notebooks from local directory: /home/yh/git/kaggle/01-towards-data-science
[I 07:50:04.155 NotebookApp] The Jupyter Notebook is running at:
[I 07:50:04.155 NotebookApp] http://dlvm-1:8892/?token=b58cd68122110c6ac8d22e39cbe122922c56405444903458
[I 07:50:04.155 NotebookApp]  or http://127.0.0.1:8892/?token=b58cd68122110c6ac8d22e39cbe122922c56405444903458
[I 07:50:04.155 NotebookApp] Use Control-C to stop this server and shut down all kernels (twice to skip confirmation).
[W 07:50:04.158 NotebookApp] No web browser found: could not locate runnable browser.
[C 07:50:04.159 NotebookApp] 
    
    To access the notebook, open this file in a browser:
        file:///home/yh/.local/share/jupyter/runtime/nbserver-20426-open.html
    Or copy and paste one of these URLs:
        http://dlvm-1:8892/?token=b58cd68122110c6ac8d22e39cbe122922c56405444903458
     or http://127.0.0.1:8892/?token=b58cd68122110c6ac8d22e39cbe122922c56405444903458
[I 07:50:16.580 NotebookApp] The port 8888 is already in use, trying another port.
[I 07:50:16.580 NotebookApp] The port 8889 is already in use, trying another port.
[I 07:50:16.581 NotebookApp] The port 8890 is already in use, trying another port.
[I 07:50:16.581 NotebookApp] The port 8891 is already in use, trying another port.
[I 07:50:16.581 NotebookApp] The port 8892 is already in use, trying another port.
/usr/local/lib/python3.5/dist-packages/tensorboard/compat/tensorflow_stub/dtypes.py:541: FutureWarning: Passing (type, 1) or '1type' as a synonym of type is deprecated; in a future version of numpy, it will be understood as (type, (1,)) / '(1,)type'.
  _np_qint8 = np.dtype([("qint8", np.int8, 1)])
/usr/local/lib/python3.5/dist-packages/tensorboard/compat/tensorflow_stub/dtypes.py:542: FutureWarning: Passing (type, 1) or '1type' as a synonym of type is deprecated; in a future version of numpy, it will be understood as (type, (1,)) / '(1,)type'.
  _np_quint8 = np.dtype([("quint8", np.uint8, 1)])
/usr/local/lib/python3.5/dist-packages/tensorboard/compat/tensorflow_stub/dtypes.py:543: FutureWarning: Passing (type, 1) or '1type' as a synonym of type is deprecated; in a future version of numpy, it will be understood as (type, (1,)) / '(1,)type'.
  _np_qint16 = np.dtype([("qint16", np.int16, 1)])
/usr/local/lib/python3.5/dist-packages/tensorboard/compat/tensorflow_stub/dtypes.py:544: FutureWarning: Passing (type, 1) or '1type' as a synonym of type is deprecated; in a future version of numpy, it will be understood as (type, (1,)) / '(1,)type'.
  _np_quint16 = np.dtype([("quint16", np.uint16, 1)])
/usr/local/lib/python3.5/dist-packages/tensorboard/compat/tensorflow_stub/dtypes.py:545: FutureWarning: Passing (type, 1) or '1type' as a synonym of type is deprecated; in a future version of numpy, it will be understood as (type, (1,)) / '(1,)type'.
  _np_qint32 = np.dtype([("qint32", np.int32, 1)])
/usr/local/lib/python3.5/dist-packages/tensorboard/compat/tensorflow_stub/dtypes.py:550: FutureWarning: Passing (type, 1) or '1type' as a synonym of type is deprecated; in a future version of numpy, it will be understood as (type, (1,)) / '(1,)type'.
  np_resource = np.dtype([("resource", np.ubyte, 1)])
/usr/local/lib/python3.5/dist-packages/tensorflow/python/framework/dtypes.py:516: FutureWarning: Passing (type, 1) or '1type' as a synonym of type is deprecated; in a future version of numpy, it will be understood as (type, (1,)) / '(1,)type'.
  _np_qint8 = np.dtype([("qint8", np.int8, 1)])
/usr/local/lib/python3.5/dist-packages/tensorflow/python/framework/dtypes.py:517: FutureWarning: Passing (type, 1) or '1type' as a synonym of type is deprecated; in a future version of numpy, it will be understood as (type, (1,)) / '(1,)type'.
  _np_quint8 = np.dtype([("quint8", np.uint8, 1)])
/usr/local/lib/python3.5/dist-packages/tensorflow/python/framework/dtypes.py:518: FutureWarning: Passing (type, 1) or '1type' as a synonym of type is deprecated; in a future version of numpy, it will be understood as (type, (1,)) / '(1,)type'.
  _np_qint16 = np.dtype([("qint16", np.int16, 1)])
/usr/local/lib/python3.5/dist-packages/tensorflow/python/framework/dtypes.py:519: FutureWarning: Passing (type, 1) or '1type' as a synonym of type is deprecated; in a future version of numpy, it will be understood as (type, (1,)) / '(1,)type'.
  _np_quint16 = np.dtype([("quint16", np.uint16, 1)])
/usr/local/lib/python3.5/dist-packages/tensorflow/python/framework/dtypes.py:520: FutureWarning: Passing (type, 1) or '1type' as a synonym of type is deprecated; in a future version of numpy, it will be understood as (type, (1,)) / '(1,)type'.
  _np_qint32 = np.dtype([("qint32", np.int32, 1)])
/usr/local/lib/python3.5/dist-packages/tensorflow/python/framework/dtypes.py:525: FutureWarning: Passing (type, 1) or '1type' as a synonym of type is deprecated; in a future version of numpy, it will be understood as (type, (1,)) / '(1,)type'.
  np_resource = np.dtype([("resource", np.ubyte, 1)])
[I 07:50:18.838 NotebookApp] jupyter_tensorboard extension loaded.
[I 07:50:18.922 NotebookApp] JupyterLab extension loaded from /usr/local/lib/python3.5/dist-packages/jupyterlab
[I 07:50:18.922 NotebookApp] JupyterLab application directory is /usr/local/share/jupyter/lab
[I 07:50:18.989 NotebookApp] Serving notebooks from local directory: /home/yh/git/kaggle/01-towards-data-science
[I 07:50:18.989 NotebookApp] The Jupyter Notebook is running at:
[I 07:50:18.989 NotebookApp] http://dlvm-1:8876/?token=862bbcc02ad972a342ba08b8757483225551f02347913b4a
[I 07:50:18.989 NotebookApp]  or http://127.0.0.1:8876/?token=862bbcc02ad972a342ba08b8757483225551f02347913b4a
[I 07:50:18.989 NotebookApp] Use Control-C to stop this server and shut down all kernels (twice to skip confirmation).
[W 07:50:18.993 NotebookApp] No web browser found: could not locate runnable browser.
[C 07:50:18.993 NotebookApp] 
    
    To access the notebook, open this file in a browser:
        file:///home/yh/.local/share/jupyter/runtime/nbserver-20451-open.html
    Or copy and paste one of these URLs:
        http://dlvm-1:8876/?token=862bbcc02ad972a342ba08b8757483225551f02347913b4a
     or http://127.0.0.1:8876/?token=862bbcc02ad972a342ba08b8757483225551f02347913b4a
[C 07:57:39.171 NotebookApp] received signal 15, stopping
[I 07:57:39.175 NotebookApp] Shutting down 0 kernels
[C 07:57:44.045 NotebookApp] received signal 15, stopping
[I 07:57:44.048 NotebookApp] Shutting down 0 kernels
[C 07:57:50.332 NotebookApp] received signal 15, stopping
[I 07:57:50.335 NotebookApp] Shutting down 0 kernels
[C 07:57:54.049 NotebookApp] received signal 15, stopping
[I 07:57:54.052 NotebookApp] Shutting down 0 kernels
[C 07:57:57.905 NotebookApp] received signal 15, stopping
[I 07:57:57.909 NotebookApp] Shutting down 0 kernels
[C 07:58:08.706 NotebookApp] received signal 15, stopping
[I 07:58:08.710 NotebookApp] Shutting down 0 kernels
/usr/local/lib/python3.5/dist-packages/tensorboard/compat/tensorflow_stub/dtypes.py:541: FutureWarning: Passing (type, 1) or '1type' as a synonym of type is deprecated; in a future version of numpy, it will be understood as (type, (1,)) / '(1,)type'.
  _np_qint8 = np.dtype([("qint8", np.int8, 1)])
/usr/local/lib/python3.5/dist-packages/tensorboard/compat/tensorflow_stub/dtypes.py:542: FutureWarning: Passing (type, 1) or '1type' as a synonym of type is deprecated; in a future version of numpy, it will be understood as (type, (1,)) / '(1,)type'.
  _np_quint8 = np.dtype([("quint8", np.uint8, 1)])
/usr/local/lib/python3.5/dist-packages/tensorboard/compat/tensorflow_stub/dtypes.py:543: FutureWarning: Passing (type, 1) or '1type' as a synonym of type is deprecated; in a future version of numpy, it will be understood as (type, (1,)) / '(1,)type'.
  _np_qint16 = np.dtype([("qint16", np.int16, 1)])
/usr/local/lib/python3.5/dist-packages/tensorboard/compat/tensorflow_stub/dtypes.py:544: FutureWarning: Passing (type, 1) or '1type' as a synonym of type is deprecated; in a future version of numpy, it will be understood as (type, (1,)) / '(1,)type'.
  _np_quint16 = np.dtype([("quint16", np.uint16, 1)])
/usr/local/lib/python3.5/dist-packages/tensorboard/compat/tensorflow_stub/dtypes.py:545: FutureWarning: Passing (type, 1) or '1type' as a synonym of type is deprecated; in a future version of numpy, it will be understood as (type, (1,)) / '(1,)type'.
  _np_qint32 = np.dtype([("qint32", np.int32, 1)])
/usr/local/lib/python3.5/dist-packages/tensorboard/compat/tensorflow_stub/dtypes.py:550: FutureWarning: Passing (type, 1) or '1type' as a synonym of type is deprecated; in a future version of numpy, it will be understood as (type, (1,)) / '(1,)type'.
  np_resource = np.dtype([("resource", np.ubyte, 1)])
/usr/local/lib/python3.5/dist-packages/tensorflow/python/framework/dtypes.py:516: FutureWarning: Passing (type, 1) or '1type' as a synonym of type is deprecated; in a future version of numpy, it will be understood as (type, (1,)) / '(1,)type'.
  _np_qint8 = np.dtype([("qint8", np.int8, 1)])
/usr/local/lib/python3.5/dist-packages/tensorflow/python/framework/dtypes.py:517: FutureWarning: Passing (type, 1) or '1type' as a synonym of type is deprecated; in a future version of numpy, it will be understood as (type, (1,)) / '(1,)type'.
  _np_quint8 = np.dtype([("quint8", np.uint8, 1)])
/usr/local/lib/python3.5/dist-packages/tensorflow/python/framework/dtypes.py:518: FutureWarning: Passing (type, 1) or '1type' as a synonym of type is deprecated; in a future version of numpy, it will be understood as (type, (1,)) / '(1,)type'.
  _np_qint16 = np.dtype([("qint16", np.int16, 1)])
/usr/local/lib/python3.5/dist-packages/tensorflow/python/framework/dtypes.py:519: FutureWarning: Passing (type, 1) or '1type' as a synonym of type is deprecated; in a future version of numpy, it will be understood as (type, (1,)) / '(1,)type'.
  _np_quint16 = np.dtype([("quint16", np.uint16, 1)])
/usr/local/lib/python3.5/dist-packages/tensorflow/python/framework/dtypes.py:520: FutureWarning: Passing (type, 1) or '1type' as a synonym of type is deprecated; in a future version of numpy, it will be understood as (type, (1,)) / '(1,)type'.
  _np_qint32 = np.dtype([("qint32", np.int32, 1)])
/usr/local/lib/python3.5/dist-packages/tensorflow/python/framework/dtypes.py:525: FutureWarning: Passing (type, 1) or '1type' as a synonym of type is deprecated; in a future version of numpy, it will be understood as (type, (1,)) / '(1,)type'.
  np_resource = np.dtype([("resource", np.ubyte, 1)])
[I 07:58:28.217 NotebookApp] jupyter_tensorboard extension loaded.
[I 07:58:28.323 NotebookApp] JupyterLab extension loaded from /usr/local/lib/python3.5/dist-packages/jupyterlab
[I 07:58:28.323 NotebookApp] JupyterLab application directory is /usr/local/share/jupyter/lab
[I 07:58:28.392 NotebookApp] Serving notebooks from local directory: /home/yh/git/kaggle/01-towards-data-science
[I 07:58:28.393 NotebookApp] The Jupyter Notebook is running at:
[I 07:58:28.393 NotebookApp] http://dlvm-1:8888/?token=784aae69910e339a59797f372efe999cd1fe812b316d7ccc
[I 07:58:28.393 NotebookApp]  or http://127.0.0.1:8888/?token=784aae69910e339a59797f372efe999cd1fe812b316d7ccc
[I 07:58:28.393 NotebookApp] Use Control-C to stop this server and shut down all kernels (twice to skip confirmation).
[W 07:58:28.397 NotebookApp] No web browser found: could not locate runnable browser.
[C 07:58:28.397 NotebookApp] 
    
    To access the notebook, open this file in a browser:
        file:///home/yh/.local/share/jupyter/runtime/nbserver-20601-open.html
    Or copy and paste one of these URLs:
        http://dlvm-1:8888/?token=784aae69910e339a59797f372efe999cd1fe812b316d7ccc
     or http://127.0.0.1:8888/?token=784aae69910e339a59797f372efe999cd1fe812b316d7ccc
[I 07:59:05.414 NotebookApp] 302 GET /?token=784aae69910e339a59797f372efe999cd1fe812b316d7ccc (127.0.0.1) 1.15ms
[E 07:59:05.561 NotebookApp] Could not open static file ''
[W 07:59:05.748 NotebookApp] 404 GET /static/components/react/react-dom.production.min.js (127.0.0.1) 13.63ms referer=http://127.0.0.1:8888/tree?token=784aae69910e339a59797f372efe999cd1fe812b316d7ccc
[W 07:59:17.050 NotebookApp] 404 GET /static/components/react/react-dom.production.min.js (127.0.0.1) 2.11ms referer=http://127.0.0.1:8888/notebooks/notebooks/00-initial-exploration.ipynb
[I 07:59:17.348 NotebookApp] Writing notebook-signing key to /home/yh/.local/share/jupyter/notebook_secret
[W 07:59:17.348 NotebookApp] Notebook notebooks/00-initial-exploration.ipynb is not trusted
[I 07:59:17.693 NotebookApp] Kernel started: 1670c41e-2c07-4884-98eb-6ca341698dbf
[W 08:01:48.424 NotebookApp] WebSocket ping timeout after 119896 ms.
[I 08:01:53.430 NotebookApp] Starting buffering for 1670c41e-2c07-4884-98eb-6ca341698dbf:045055b42f2a403780a023fb69da8d33
[I 08:08:46.715 NotebookApp] Restoring connection for 1670c41e-2c07-4884-98eb-6ca341698dbf:045055b42f2a403780a023fb69da8d33
[I 08:09:03.917 NotebookApp] Saving file at /notebooks/00-initial-exploration.ipynb
[I 08:09:06.148 NotebookApp] Starting buffering for 1670c41e-2c07-4884-98eb-6ca341698dbf:045055b42f2a403780a023fb69da8d33
[W 08:09:59.365 NotebookApp] 404 GET /static/components/react/react-dom.production.min.js (127.0.0.1) 2.55ms referer=http://127.0.0.1:8888/tree/notebooks
[W 08:10:03.814 NotebookApp] 404 GET /static/components/react/react-dom.production.min.js (127.0.0.1) 2.36ms referer=http://127.0.0.1:8888/notebooks/notebooks/00-initial-exploration.ipynb
[I 08:12:04.871 NotebookApp] Saving file at /notebooks/00-initial-exploration.ipynb
[I 08:14:04.415 NotebookApp] Saving file at /notebooks/00-initial-exploration.ipynb
[I 08:16:04.416 NotebookApp] Saving file at /notebooks/00-initial-exploration.ipynb
[I 08:18:04.867 NotebookApp] Saving file at /notebooks/00-initial-exploration.ipynb
[I 08:20:04.555 NotebookApp] Saving file at /notebooks/00-initial-exploration.ipynb
[I 08:20:47.154 NotebookApp] Saving file at /notebooks/00-initial-exploration.ipynb
[I 08:20:51.896 NotebookApp] Starting buffering for 1670c41e-2c07-4884-98eb-6ca341698dbf:c22d76f856b340f28fd12265d77ab3a7
[I 08:34:32.565 NotebookApp] 302 GET /?token=784aae69910e339a59797f372efe999cd1fe812b316d7ccc (127.0.0.1) 1.13ms
[W 08:34:32.767 NotebookApp] 404 GET /static/components/react/react-dom.production.min.js (127.0.0.1) 2.20ms referer=http://127.0.0.1:8888/tree?token=784aae69910e339a59797f372efe999cd1fe812b316d7ccc
[W 08:34:43.191 NotebookApp] 404 GET /static/components/react/react-dom.production.min.js (127.0.0.1) 2.56ms referer=http://127.0.0.1:8888/notebooks/notebooks/00-initial-exploration.ipynb
[I 08:36:44.187 NotebookApp] Saving file at /notebooks/00-initial-exploration.ipynb
[I 08:38:44.174 NotebookApp] Saving file at /notebooks/00-initial-exploration.ipynb
[I 08:40:44.224 NotebookApp] Saving file at /notebooks/00-initial-exploration.ipynb
[I 08:41:19.767 NotebookApp] Saving file at /notebooks/00-initial-exploration.ipynb
[I 08:41:19.975 NotebookApp] Saving file at /notebooks/00-initial-exploration.ipynb
[I 08:41:22.951 NotebookApp] Starting buffering for 1670c41e-2c07-4884-98eb-6ca341698dbf:0d6d2b5675684135a7b1269bfe5b7a03
[C 10:03:42.732 NotebookApp] received signal 15, stopping
[I 10:03:42.734 NotebookApp] Shutting down 1 kernel
[I 10:03:42.870 NotebookApp] Kernel shutdown: 1670c41e-2c07-4884-98eb-6ca341698dbf
